<?xml version="1.0" encoding="UTF-8"?>
<!-- Generated by org.testng.reporters.JUnitReportReporter -->
<testsuite skipped="0" hostname="ZHENHAIW7" name="com.pactera.hris.testcases.Login" tests="2" failures="0" timestamp="06 May 2018 05:06:30 GMT" time="44.926" errors="0">
  <testcase name="testLoginError" time="5.082" classname="com.pactera.hris.testcases.Login"/>
  <testcase name="testLogin" time="39.844" classname="com.pactera.hris.testcases.Login"/>
</testsuite> <!-- com.pactera.hris.testcases.Login -->
